2025-05-04 13:51:28 - Products: [{"id":"P002","product_code":"P002","product_name":"ปูนอินทรี 50kg","unit":"ถุง","qty":1,"price":145}]
2025-05-04 13:52:00 - Products: [{"id":"P006","product_code":"P006","product_name":"เหล็กรูปพรรณ 3 นิ้ว","unit":"เส้น","qty":22,"price":300}]
2025-05-04 13:52:20 - Products: [{"id":"P017","product_code":"P017","product_name":"ทรายละเอียด","unit":"ถุง","qty":10,"price":95}]
2025-05-04 13:52:59 - Products: [{"id":"P017","product_code":"P017","product_name":"ทรายละเอียด","unit":"ถุง","qty":10,"price":95}]
2025-05-04 13:57:36 - Products: [{"id":"P004","product_code":"P004","product_name":"อิฐบล็อก 7x14x29 ซม.","unit":"ก้อน","qty":1,"price":5}]
2025-05-04 14:15:04 - Products: [{"id":"P010","product_code":"P010","product_name":"สีทาภายใน TOA","unit":"ถัง","qty":8,"price":520}]
2025-05-04 14:20:07 - Products: [{"id":"P007","product_code":"P007","product_name":"ปูน TPI 50kg","unit":"ถุง","qty":80,"price":155}]
2025-05-04 14:20:33 - Products: [{"id":"P002","product_code":"P002","product_name":"ปูนอินทรี 50kg","unit":"ถุง","qty":1,"price":145}]
2025-05-04 14:20:57 - Products: [{"id":"P001","product_code":"P001","product_name":"เหล็กเส้น 6 มม.","unit":"เส้น","qty":1,"price":150}]
2025-05-04 14:24:33 - Products: [{"id":"P006","product_code":"P006","product_name":"เหล็กรูปพรรณ 3 นิ้ว","unit":"เส้น","qty":7,"price":300}]
2025-05-04 19:36:04 - Products: [{"id":"P017","product_code":"P017","product_name":"ทรายละเอียด","unit":"ถุง","qty":5,"price":95}]
2025-05-04 19:59:32 - Products: [{"id":"P001","product_code":"P001","product_name":"เหล็กเส้น 6 มม.","unit":"เส้น","qty":7,"price":150}]
2025-05-04 19:59:32 - Products: [{"id":"P001","product_code":"P001","product_name":"เหล็กเส้น 6 มม.","unit":"เส้น","qty":7,"price":150}]
2025-05-04 20:03:42 - Products: [{"id":"P007","product_code":"P007","product_name":"ปูน TPI 50kg","unit":"ถุง","qty":1,"price":155}]
2025-05-04 20:03:42 - Products: [{"id":"P007","product_code":"P007","product_name":"ปูน TPI 50kg","unit":"ถุง","qty":1,"price":155}]
2025-05-04 20:10:18 - Products: [{"id":"P012","product_code":"P012","product_name":"ปูนเสือ ก่อฉาบ","unit":"ถุง","qty":1,"price":145}]
2025-05-04 20:13:27 - Products: [{"id":"P012","product_code":"P012","product_name":"ปูนเสือ ก่อฉาบ","unit":"ถุง","qty":8,"price":145}]
2025-05-04 20:14:49 - Products: [{"id":"P004","product_code":"P004","product_name":"อิฐบล็อก 7x14x29 ซม.","unit":"ก้อน","qty":1,"price":5}]
2025-05-04 20:14:49 - Products: [{"id":"P004","product_code":"P004","product_name":"อิฐบล็อก 7x14x29 ซม.","unit":"ก้อน","qty":1,"price":5}]
2025-05-04 20:21:28 - Products: [{"id":"P014","product_code":"P014","product_name":"สีทาภายนอก Beger","unit":"ถัง","qty":1,"price":550}]
2025-05-04 20:40:03 - Products: [{"id":"P010","product_code":"P010","product_name":"สีทาภายใน TOA","unit":"ถัง","qty":1,"price":520}]
2025-05-04 20:55:41 - Products: [{"id":"P006","product_code":"P006","product_name":"เหล็กรูปพรรณ 3 นิ้ว","unit":"เส้น","qty":1,"price":300}]
2025-05-05 01:07:29 - Products: [{"id":"P001","product_code":"P001","product_name":"เหล็กเส้น 6 มม.","unit":"เส้น","qty":1,"price":150},{"id":"P011","product_code":"P011","product_name":"เหล็กกล่อง 2x2 นิ้ว","unit":"เส้น","qty":1,"price":190}]
2025-05-06 01:07:53 - Products: [{"id":"P009","product_code":"P009","product_name":"อิฐมวลเบา 10 ซม.","unit":"ก้อน","qty":5,"price":13}]
2025-05-06 01:10:38 - Products: [{"id":"P013","product_code":"P013","product_name":"ท่อ PVC 3 นิ้ว","unit":"เส้น","qty":40,"price":140}]
